C51 COMPILER V9.59.0.0   LAB4_CODE                                                         05/03/2019 22:55:56 PAGE 1   


C51 COMPILER V9.59.0.0, COMPILATION OF MODULE LAB4_CODE
OBJECT MODULE PLACED IN .\Objects\lab4_code.obj
COMPILER INVOKED BY: C:\Keil_v5\C51\BIN\C51.EXE lab4_code.c OPTIMIZE(8,SPEED) BROWSE DEBUG OBJECTEXTEND PRINT(.\Listings
                    -\lab4_code.lst) TABS(2) OBJECT(.\Objects\lab4_code.obj)

line level    source

   1          #include <reg52.h>
   2          
   3          //frequency XTAL = 22.1184 MHZ
   4          sbit outputLed = P2^0;
   5          sbit Led = P2^1;
   6          sbit  HZ38K = P2^2;
   7          sbit detectObstacle = P3^3;
   8          sbit output = P3^7;
   9          unsigned char flag = 0;
  10          
  11          void finalOutput(void)
  12          {
  13   1      
  14   1          output = HZ38K & Led ;
  15   1      
  16   1      }
  17          void Timer0_ISR (void) interrupt 1
  18          {
  19   1      
  20   1          if(flag == 0)
  21   1          {
  22   2              //generate 600us on
  23   2              Led = 1;
  24   2              TL0 = 0xAF;
  25   2              TH0 = 0xFB;
  26   2              TR0 = 1;
  27   2              flag=1;
  28   2          }
  29   1          else{
  30   2              //generate 20ms off
  31   2              Led = 0;
  32   2              TL0 = 0x00;
  33   2              TH0 = 0x70;
  34   2              TR0 = 1;
  35   2              flag = 0;
  36   2          }
  37   1      
  38   1      }
  39          void Timer1_ISR (void) interrupt 3
  40          {
  41   1          TH1 = 0xE8;
  42   1          TR1 = 1;
  43   1          HZ38K = ~HZ38K; //generate frequency 38KHZ
  44   1          finalOutput();
  45   1      }
  46          
  47          void main()
  48          {
  49   1          TMOD = 0x29 ;  // 00101001
  50   1          //IE = 0x8A;
  51   1          ET0 = 1;
  52   1          EA = 1;
  53   1          ET1 = 1;
  54   1      
C51 COMPILER V9.59.0.0   LAB4_CODE                                                         05/03/2019 22:55:56 PAGE 2   

  55   1          TL0 = 0xAF;
  56   1          TH0 = 0xFB;
  57   1          TF0 = 0;
  58   1          TR0 = 1;
  59   1          Led = 0;
  60   1      
  61   1          TH1 = 0xE8;
  62   1          TF1 = 0;
  63   1          TR1 = 1;
  64   1          HZ38K = 0;
  65   1      
  66   1          while(1)
  67   1          {
  68   2              if (detectObstacle == 1)
  69   2                  outputLed = 1;
  70   2              else
  71   2                  outputLed = 0;
  72   2          }
  73   1      }


MODULE INFORMATION:   STATIC OVERLAYABLE
   CODE SIZE        =    100    ----
   CONSTANT SIZE    =   ----    ----
   XDATA SIZE       =   ----    ----
   PDATA SIZE       =   ----    ----
   DATA SIZE        =      1    ----
   IDATA SIZE       =   ----    ----
   BIT SIZE         =   ----    ----
END OF MODULE INFORMATION.


C51 COMPILATION COMPLETE.  0 WARNING(S),  0 ERROR(S)
